<?xml version="1.0" encoding="UTF-8"?>
<testsuite name="pl.edu.mimuw.MatrixAssertionsTest" tests="53" skipped="0" failures="0" errors="0" timestamp="2022-05-17T20:42:41" hostname="arch" time="0.236">
  <properties/>
  <testcase name="testFullTimesThrowsOnNotMatchedSizes()" classname="pl.edu.mimuw.MatrixAssertionsTest" time="0.051"/>
  <testcase name="testSparseTimesThrowsOnNotMatchedSizes()" classname="pl.edu.mimuw.MatrixAssertionsTest" time="0.05"/>
  <testcase name="testInvalidConstructThrowsOnOutboundIndices()" classname="pl.edu.mimuw.MatrixAssertionsTest" time="0.053"/>
  <testcase name="testFullInvalidConstructThrowsOnNull()" classname="pl.edu.mimuw.MatrixAssertionsTest" time="0.001"/>
  <testcase name="testFullInvalidConstructThrowsOnEmpty()" classname="pl.edu.mimuw.MatrixAssertionsTest" time="0.001"/>
  <testcase name="testSparseAddThrowsOnNotMatchedSizes()" classname="pl.edu.mimuw.MatrixAssertionsTest" time="0.055"/>
  <testcase name="testInvalidConstructThrowsOnDifferentSizes()" classname="pl.edu.mimuw.MatrixAssertionsTest" time="0.003"/>
  <testcase name="testFullAddThrowsOnNotMatchedSizes()" classname="pl.edu.mimuw.MatrixAssertionsTest" time="0.001"/>
  <testcase name="testInvalidConstructThrowsOnOutboundNegativeIndices()" classname="pl.edu.mimuw.MatrixAssertionsTest" time="0.054"/>
  <testcase name="[2] Type: full&#10;Shape: 3 x 2&#10;1.0 2.0 &#10;3.0 4.0 &#10;5.0 6.0 &#10;" classname="pl.edu.mimuw.MatrixAssertionsTest" time="0.061"/>
  <testcase name="[1] Type: full&#10;Shape: 2 x 3&#10;1.0 2.0 3.0 &#10;4.0 5.0 6.0 &#10;" classname="pl.edu.mimuw.MatrixAssertionsTest" time="0.059"/>
  <testcase name="[9] Type: identity&#10;Shape: 2 x 2&#10;" classname="pl.edu.mimuw.MatrixAssertionsTest" time="0.008"/>
  <testcase name="[3] Type: diagonal&#10;Shape: 3 x 3&#10;7.0 0 0&#10;0 8.0 0&#10;0 0 9.0&#10;" classname="pl.edu.mimuw.MatrixAssertionsTest" time="0.001"/>
  <testcase name="[2] Type: full&#10;Shape: 3 x 2&#10;1.0 2.0 &#10;3.0 4.0 &#10;5.0 6.0 &#10;" classname="pl.edu.mimuw.MatrixAssertionsTest" time="0.001"/>
  <testcase name="[10] Type: identity&#10;Shape: 3 x 3&#10;" classname="pl.edu.mimuw.MatrixAssertionsTest" time="0.029"/>
  <testcase name="[1] Type: full&#10;Shape: 2 x 3&#10;1.0 2.0 3.0 &#10;4.0 5.0 6.0 &#10;" classname="pl.edu.mimuw.MatrixAssertionsTest" time="0.063"/>
  <testcase name="[10] Type: identity&#10;Shape: 3 x 3&#10;" classname="pl.edu.mimuw.MatrixAssertionsTest" time="0.001"/>
  <testcase name="[5] Type: sparse&#10;Shape: 2 x 3&#10;1.0 0&#10;0 2.0 0 0 3.0 0 ... 0&#10;4.0 0&#10;0 5.0 &#10;0 0 6.0 0 ... 0&#10;" classname="pl.edu.mimuw.MatrixAssertionsTest" time="0.001"/>
  <testcase name="[10] Type: identity&#10;Shape: 3 x 3&#10;" classname="pl.edu.mimuw.MatrixAssertionsTest" time="0.011"/>
  <testcase name="[1] Type: full&#10;Shape: 2 x 3&#10;1.0 2.0 3.0 &#10;4.0 5.0 6.0 &#10;" classname="pl.edu.mimuw.MatrixAssertionsTest" time="0.072"/>
  <testcase name="[6] Type: sparse&#10;Shape: 3 x 2&#10;1.0 0 2.0 0 0 &#10;3.0 &#10;0 4.0 &#10;0 0 &#10;5.0 &#10;0 6.0 0 0 &#10;" classname="pl.edu.mimuw.MatrixAssertionsTest" time="0.007"/>
  <testcase name="[4] Type: antidiagonal&#10;Shape: 3 x 3&#10;0 0 10.0&#10;0 11.0 0&#10;12.0 0 0&#10;" classname="pl.edu.mimuw.MatrixAssertionsTest" time="0.006"/>
  <testcase name="[3] Type: diagonal&#10;Shape: 3 x 3&#10;7.0 0 0&#10;0 8.0 0&#10;0 0 9.0&#10;" classname="pl.edu.mimuw.MatrixAssertionsTest" time="0.001"/>
  <testcase name="[4] Type: antidiagonal&#10;Shape: 3 x 3&#10;0 0 10.0&#10;0 11.0 0&#10;12.0 0 0&#10;" classname="pl.edu.mimuw.MatrixAssertionsTest" time="0.006"/>
  <testcase name="[5] Type: sparse&#10;Shape: 2 x 3&#10;1.0 0&#10;0 2.0 0 0 3.0 0 ... 0&#10;4.0 0&#10;0 5.0 &#10;0 0 6.0 0 ... 0&#10;" classname="pl.edu.mimuw.MatrixAssertionsTest" time="0.001"/>
  <testcase name="[8] Type: full&#10;Shape: 3 x 1&#10;15.0 &#10;16.0 &#10;17.0 &#10;" classname="pl.edu.mimuw.MatrixAssertionsTest" time="0.011"/>
  <testcase name="[9] Type: identity&#10;Shape: 2 x 2&#10;" classname="pl.edu.mimuw.MatrixAssertionsTest" time="0.001"/>
  <testcase name="[10] Type: identity&#10;Shape: 3 x 3&#10;" classname="pl.edu.mimuw.MatrixAssertionsTest" time="0.001"/>
  <testcase name="[6] Type: sparse&#10;Shape: 3 x 2&#10;1.0 0 2.0 0 0 &#10;3.0 &#10;0 4.0 &#10;0 0 &#10;5.0 &#10;0 6.0 0 0 &#10;" classname="pl.edu.mimuw.MatrixAssertionsTest" time="0.005"/>
  <testcase name="[7] Type: full&#10;Shape: 2 x 1&#10;18.0 &#10;19.0 &#10;" classname="pl.edu.mimuw.MatrixAssertionsTest" time="0.004"/>
  <testcase name="[7] Type: full&#10;Shape: 2 x 1&#10;18.0 &#10;19.0 &#10;" classname="pl.edu.mimuw.MatrixAssertionsTest" time="0.001"/>
  <testcase name="[3] Type: diagonal&#10;Shape: 3 x 3&#10;7.0 0 0&#10;0 8.0 0&#10;0 0 9.0&#10;" classname="pl.edu.mimuw.MatrixAssertionsTest" time="0.001"/>
  <testcase name="[9] Type: identity&#10;Shape: 2 x 2&#10;" classname="pl.edu.mimuw.MatrixAssertionsTest" time="0.001"/>
  <testcase name="[5] Type: sparse&#10;Shape: 2 x 3&#10;1.0 0&#10;0 2.0 0 0 3.0 0 ... 0&#10;4.0 0&#10;0 5.0 &#10;0 0 6.0 0 ... 0&#10;" classname="pl.edu.mimuw.MatrixAssertionsTest" time="0.002"/>
  <testcase name="[11] Type: zero&#10;Shape: 3x2&#10;" classname="pl.edu.mimuw.MatrixAssertionsTest" time="0.001"/>
  <testcase name="[6] Type: sparse&#10;Shape: 3 x 2&#10;1.0 0 2.0 0 0 &#10;3.0 &#10;0 4.0 &#10;0 0 &#10;5.0 &#10;0 6.0 0 0 &#10;" classname="pl.edu.mimuw.MatrixAssertionsTest" time="0.001"/>
  <testcase name="[8] Type: full&#10;Shape: 3 x 1&#10;15.0 &#10;16.0 &#10;17.0 &#10;" classname="pl.edu.mimuw.MatrixAssertionsTest" time="0.001"/>
  <testcase name="[4] Type: antidiagonal&#10;Shape: 3 x 3&#10;0 0 10.0&#10;0 11.0 0&#10;12.0 0 0&#10;" classname="pl.edu.mimuw.MatrixAssertionsTest" time="0.002"/>
  <testcase name="[2] Type: full&#10;Shape: 3 x 2&#10;1.0 2.0 &#10;3.0 4.0 &#10;5.0 6.0 &#10;" classname="pl.edu.mimuw.MatrixAssertionsTest" time="0.022"/>
  <testcase name="[9] Type: identity&#10;Shape: 2 x 2&#10;" classname="pl.edu.mimuw.MatrixAssertionsTest" time="0.001"/>
  <testcase name="[2] Type: full&#10;Shape: 3 x 2&#10;1.0 2.0 &#10;3.0 4.0 &#10;5.0 6.0 &#10;" classname="pl.edu.mimuw.MatrixAssertionsTest" time="0.017"/>
  <testcase name="[7] Type: full&#10;Shape: 2 x 1&#10;18.0 &#10;19.0 &#10;" classname="pl.edu.mimuw.MatrixAssertionsTest" time="0.028"/>
  <testcase name="[4] Type: antidiagonal&#10;Shape: 3 x 3&#10;0 0 10.0&#10;0 11.0 0&#10;12.0 0 0&#10;" classname="pl.edu.mimuw.MatrixAssertionsTest" time="0.0"/>
  <testcase name="[8] Type: full&#10;Shape: 3 x 1&#10;15.0 &#10;16.0 &#10;17.0 &#10;" classname="pl.edu.mimuw.MatrixAssertionsTest" time="0.001"/>
  <testcase name="[3] Type: diagonal&#10;Shape: 3 x 3&#10;7.0 0 0&#10;0 8.0 0&#10;0 0 9.0&#10;" classname="pl.edu.mimuw.MatrixAssertionsTest" time="0.001"/>
  <testcase name="[6] Type: sparse&#10;Shape: 3 x 2&#10;1.0 0 2.0 0 0 &#10;3.0 &#10;0 4.0 &#10;0 0 &#10;5.0 &#10;0 6.0 0 0 &#10;" classname="pl.edu.mimuw.MatrixAssertionsTest" time="0.001"/>
  <testcase name="[8] Type: full&#10;Shape: 3 x 1&#10;15.0 &#10;16.0 &#10;17.0 &#10;" classname="pl.edu.mimuw.MatrixAssertionsTest" time="0.001"/>
  <testcase name="[11] Type: zero&#10;Shape: 3x2&#10;" classname="pl.edu.mimuw.MatrixAssertionsTest" time="0.001"/>
  <testcase name="[1] Type: full&#10;Shape: 2 x 3&#10;1.0 2.0 3.0 &#10;4.0 5.0 6.0 &#10;" classname="pl.edu.mimuw.MatrixAssertionsTest" time="0.032"/>
  <testcase name="[11] Type: zero&#10;Shape: 3x2&#10;" classname="pl.edu.mimuw.MatrixAssertionsTest" time="0.0"/>
  <testcase name="[5] Type: sparse&#10;Shape: 2 x 3&#10;1.0 0&#10;0 2.0 0 0 3.0 0 ... 0&#10;4.0 0&#10;0 5.0 &#10;0 0 6.0 0 ... 0&#10;" classname="pl.edu.mimuw.MatrixAssertionsTest" time="0.001"/>
  <testcase name="[7] Type: full&#10;Shape: 2 x 1&#10;18.0 &#10;19.0 &#10;" classname="pl.edu.mimuw.MatrixAssertionsTest" time="0.001"/>
  <testcase name="[11] Type: zero&#10;Shape: 3x2&#10;" classname="pl.edu.mimuw.MatrixAssertionsTest" time="0.001"/>
  <system-out><![CDATA[]]></system-out>
  <system-err><![CDATA[]]></system-err>
</testsuite>
