<?xml version="1.0" encoding="UTF-8"?>
<testsuite name="pl.edu.mimuw.MatrixNormTest$FrobeniusNormTest" tests="5" skipped="0" failures="0" errors="0" timestamp="2022-05-17T20:42:41" hostname="arch" time="0.074">
  <properties/>
  <testcase name="testVector()" classname="pl.edu.mimuw.MatrixNormTest$FrobeniusNormTest" time="0.074"/>
  <testcase name="testAntiDiagonal()" classname="pl.edu.mimuw.MatrixNormTest$FrobeniusNormTest" time="0.079"/>
  <testcase name="testDiagonal()" classname="pl.edu.mimuw.MatrixNormTest$FrobeniusNormTest" time="0.073"/>
  <testcase name="testSparseMatrices()" classname="pl.edu.mimuw.MatrixNormTest$FrobeniusNormTest" time="0.076"/>
  <testcase name="testFullMatrices()" classname="pl.edu.mimuw.MatrixNormTest$FrobeniusNormTest" time="0.076"/>
  <system-out><![CDATA[]]></system-out>
  <system-err><![CDATA[]]></system-err>
</testsuite>
